


ARM Macro Assembler    Page 1 


    1 00000000                 PRESERVE8
    2 00000000                 THUMB
    3 00000000         
    4 00000000         
    5 00000000         ; ====================== zone de réservation de données,
                         ======================================
    6 00000000         ;Section RAM (read only) :
    7 00000000                 area             mesdata,data,readonly
    8 00000000         
    9 00000000         
   10 00000000         ;Section RAM (read write):
   11 00000000                 area             maram,data,readwrite
   12 00000000 00      FlagCligno
                               dcb              0
   13 00000001                 EXPORT           FlagCligno
   14 00000001         
   15 00000001         
   16 00000001         ; ======================================================
                       =========================================
   17 00000001                 EXPORT           timer_callback
   18 00000001         
   19 00000001         
   20 00000001         
   21 00000001         ;Section ROM code (read only) :  
   22 00000001                 area             moncode,code,readonly
   23 00000000         ; écrire le code ici
   24 00000000                 include          ./Driver/DriverJeuLaser.inc
    1 00000000         
    2 00000000         ; Bibliotheque DriverJeuLaser (ancienne gassp72 adaptée 
                       2021 - TR)
    3 00000000         ; Accès en aux fonctions suivantes :
    4 00000000         ; GPIO :
    5 00000000         ; GPIOA_Set(char Broche), GPIOB_Set(char Broche), GPIOC_
                       Set(char Broche)
    6 00000000         ; GPIOA_Clear(char Broche), GPIOB_Clear(char Broche), GP
                       IOC_Clear(char Broche)
    7 00000000         
    8 00000000         ; PWM :
    9 00000000         ;/**
   10 00000000         ; * @brief  Fixe une valeur de PWM, Val, en tick horloge
                       . La rapport cyclique effectif
   11 00000000         ; * est donc : rcy = Thaut_ticks / Periode_ticks
   12 00000000         ; * @note   spécifique Jeu Laser, PWM liée exclusivement
                        au TIM3, chan3
   13 00000000         ; * @param  Thaut_ticks : durée de l'état haut d'une imp
                       ulsion en Ticks
   14 00000000         ;  * @retval None
   15 00000000         ; */
   16 00000000         
   17 00000000         ;void PWM_Set_Value_TIM3_Ch3( unsigned short int Thaut_t
                       icks);
   18 00000000                 import           PWM_Set_Value_TIM3_Ch3
   19 00000000         
   20 00000000         
   21 00000000         
   22 00000000         ;/**
   23 00000000         ; * @brief  Mise à 1 d'une broche GPIO 
   24 00000000         ;  * @note   Une fonction par GPIO
   25 00000000         ; * @param  Broche : 0 à 15



ARM Macro Assembler    Page 2 


   26 00000000         ; * @retval None
   27 00000000         ; */
   28 00000000         
   29 00000000         ;void GPIOA_Set(char Broche);
   30 00000000                 import           GPIOA_Set
   31 00000000         
   32 00000000         ;void GPIOB_Set(char Broche);
   33 00000000                 import           GPIOB_Set
   34 00000000         
   35 00000000         ;void GPIOC_Set(char Broche);
   36 00000000                 import           GPIOC_Set
   37 00000000         
   38 00000000         
   39 00000000         
   40 00000000         ;/**
   41 00000000         ; * @brief  Mise à 0 d'une broche GPIO 
   42 00000000         ;  * @note   Une fonction par GPIO
   43 00000000         ; * @param  Broche : 0 à 15
   44 00000000         ; * @retval None
   45 00000000         ;  */
   46 00000000         
   47 00000000         ;void GPIOA_Clear(char Broche);
   48 00000000                 import           GPIOA_Clear
   49 00000000         
   50 00000000         ;void GPIOB_Clear(char Broche);
   51 00000000                 import           GPIOB_Clear
   52 00000000         
   53 00000000         ;void GPIOC_Clear(char Broche);
   54 00000000                 import           GPIOC_Clear
   55 00000000         
   56 00000000                 end
   25 00000000         
   26 00000000         
   27 00000000         
   28 00000000         ; char FlagCligno;
   29 00000000         
   30 00000000         ;void timer_callback(void)
   31 00000000         ;{
   32 00000000         ; if (FlagCligno==1)
   33 00000000         ; {
   34 00000000         ;  FlagCligno=0;
   35 00000000         ;  GPIOB_Set(1);
   36 00000000         ; }
   37 00000000         ; else
   38 00000000         ; {
   39 00000000         ;  FlagCligno=1;
   40 00000000         ;  GPIOB_Clear(1);
   41 00000000         ; }
   42 00000000         
   43 00000000         ;}
   44 00000000         
   45 00000000         timer_callback
                               proc
   46 00000000         ;char FlagCligno;
   47 00000000 B500            push{lr}
   48 00000002         ;void timer_callback(void)
   49 00000002         ;{
   50 00000002         ; if (FlagCligno==1)
   51 00000002 490B            ldr              r1,=FlagCligno



ARM Macro Assembler    Page 3 


   52 00000004 7808            ldrb             r0,[r1]
   53 00000006 2801            cmp              r0,#1
   54 00000008 D107            bne              Sinon
   55 0000000A         
   56 0000000A         ; {
   57 0000000A         ;Alors
   58 0000000A         Alors
   59 0000000A         
   60 0000000A F04F 0200       mov              r2,#0
   61 0000000E 700A            strb             r2,[r1]
   62 00000010 F04F 0001       mov              r0,#1
   63 00000014 F7FF FFFE       bl               GPIOB_Set
   64 00000018 E006            b                FinSi
   65 0000001A         ;  FlagCligno=0;
   66 0000001A         ;  GPIOB_Set(1);
   67 0000001A         ; }
   68 0000001A         ; else
   69 0000001A         ;Sinon
   70 0000001A         Sinon
   71 0000001A F04F 0201       mov              r2,#1
   72 0000001E 700A            strb             r2,[r1]
   73 00000020 F04F 0001       mov              r0,#1
   74 00000024 F7FF FFFE       bl               GPIOB_Clear
   75 00000028         ; {
   76 00000028         ;  FlagCligno=1;
   77 00000028         ;  GPIOB_Clear(1);
   78 00000028         ; }
   79 00000028         
   80 00000028         ;FinSi
   81 00000028         FinSi
   82 00000028 F85D EB04       pop{lr}
   83 0000002C 4770            bx               lr
   84 0000002E                 endp
   85 0000002E         
   86 0000002E         
   87 0000002E         
   88 0000002E         
   89 0000002E         
   90 0000002E         
   91 0000002E                 END
              00 00 00000000 
Command Line: --debug --xref --diag_suppress=9931 --cpu=Cortex-M3 --apcs=interw
ork --depend=.\obj\cligno.d -o.\obj\cligno.o -I.\RTE\_CibleSondeKEIL -IC:\Progr
amdata\Keil\Arm\Packs\ARM\CMSIS\5.7.0\CMSIS\Core\Include -IC:\Programdata\Keil\
Arm\Packs\Keil\STM32F1xx_DFP\2.3.0\Device\Include --predefine="__EVAL SETA 1" -
-predefine="__MICROLIB SETA 1" --predefine="__UVISION_VERSION SETA 530" --prede
fine="_RTE_ SETA 1" --predefine="STM32F10X_MD SETA 1" --predefine="_RTE_ SETA 1
" --list=cligno.lst Src\Cligno.s



ARM Macro Assembler    Page 1 Alphabetic symbol ordering
Relocatable symbols

mesdata 00000000

Symbol: mesdata
   Definitions
      At line 7 in file Src\Cligno.s
   Uses
      None
Comment: mesdata unused
1 symbol



ARM Macro Assembler    Page 1 Alphabetic symbol ordering
Relocatable symbols

FlagCligno 00000000

Symbol: FlagCligno
   Definitions
      At line 12 in file Src\Cligno.s
   Uses
      At line 13 in file Src\Cligno.s
      At line 51 in file Src\Cligno.s

maram 00000000

Symbol: maram
   Definitions
      At line 11 in file Src\Cligno.s
   Uses
      None
Comment: maram unused
2 symbols



ARM Macro Assembler    Page 1 Alphabetic symbol ordering
Relocatable symbols

Alors 0000000A

Symbol: Alors
   Definitions
      At line 58 in file Src\Cligno.s
   Uses
      None
Comment: Alors unused
FinSi 00000028

Symbol: FinSi
   Definitions
      At line 81 in file Src\Cligno.s
   Uses
      At line 64 in file Src\Cligno.s
Comment: FinSi used once
Sinon 0000001A

Symbol: Sinon
   Definitions
      At line 70 in file Src\Cligno.s
   Uses
      At line 54 in file Src\Cligno.s
Comment: Sinon used once
moncode 00000000

Symbol: moncode
   Definitions
      At line 22 in file Src\Cligno.s
   Uses
      None
Comment: moncode unused
timer_callback 00000000

Symbol: timer_callback
   Definitions
      At line 45 in file Src\Cligno.s
   Uses
      At line 17 in file Src\Cligno.s
Comment: timer_callback used once
5 symbols



ARM Macro Assembler    Page 1 Alphabetic symbol ordering
External symbols

GPIOA_Clear 00000000

Symbol: GPIOA_Clear
   Definitions
      At line 48 in file .\Driver\DriverJeuLaser.inc
   Uses
      None
Comment: GPIOA_Clear unused
GPIOA_Set 00000000

Symbol: GPIOA_Set
   Definitions
      At line 30 in file .\Driver\DriverJeuLaser.inc
   Uses
      None
Comment: GPIOA_Set unused
GPIOB_Clear 00000000

Symbol: GPIOB_Clear
   Definitions
      At line 51 in file .\Driver\DriverJeuLaser.inc
   Uses
      At line 74 in file Src\Cligno.s
Comment: GPIOB_Clear used once
GPIOB_Set 00000000

Symbol: GPIOB_Set
   Definitions
      At line 33 in file .\Driver\DriverJeuLaser.inc
   Uses
      At line 63 in file Src\Cligno.s
Comment: GPIOB_Set used once
GPIOC_Clear 00000000

Symbol: GPIOC_Clear
   Definitions
      At line 54 in file .\Driver\DriverJeuLaser.inc
   Uses
      None
Comment: GPIOC_Clear unused
GPIOC_Set 00000000

Symbol: GPIOC_Set
   Definitions
      At line 36 in file .\Driver\DriverJeuLaser.inc
   Uses
      None
Comment: GPIOC_Set unused
PWM_Set_Value_TIM3_Ch3 00000000

Symbol: PWM_Set_Value_TIM3_Ch3
   Definitions
      At line 18 in file .\Driver\DriverJeuLaser.inc
   Uses
      None
Comment: PWM_Set_Value_TIM3_Ch3 unused
7 symbols
352 symbols in table
